<?xml version="1.0" encoding="UTF-8"?>
<!-- Generated by org.testng.reporters.JUnitReportReporter -->
<testsuite hostname="DESKTOP-RSFGGM3" failures="0" tests="1" name="Test.LoginHRM" time="37.334" errors="0" timestamp="2022-11-09T11:21:18 IST" skipped="0">
  <testcase classname="Test.LoginHRM" name="register" time="37.334"/>
  <system-out/>
</testsuite> <!-- Test.LoginHRM -->
